68 - INFO - Browsing image ...
77 - INFO -  Browsed Successfully ! 
88 - INFO - Opened First image ...
68 - INFO - Browsing image ...
77 - INFO -  Browsed Successfully ! 
93 - WARNING - Opened Image with different dimensions ...
68 - INFO - Browsing image ...
77 - INFO -  Browsed Successfully ! 
102 - INFO -  Opening Second image ...
102 - INFO -  Opening Second image ...
102 - INFO -  Opening Second image ...
102 - INFO -  Opening Second image ...
102 - INFO -  Opening Second image ...
102 - INFO -  Opening Second image ...
102 - INFO -  Opening Second image ...
102 - INFO -  Opening Second image ...
102 - INFO -  Opening Second image ...
112 - INFO -  Presenting Magnitude.... 
112 - INFO -  Presenting Magnitude.... 
112 - INFO -  Presenting Magnitude.... 
115 - INFO -  Presenting Phase.... 
115 - INFO -  Presenting Phase.... 
115 - INFO -  Presenting Phase.... 
118 - INFO -  Presenting Real.... 
118 - INFO -  Presenting Real.... 
118 - INFO -  Presenting Real.... 
121 - INFO -  Presenting Imaginary.... 
121 - INFO -  Presenting Imaginary.... 
121 - INFO -  Presenting Imaginary.... 
